Using pre-set license
Built from '2021.3/staging' branch; Version is '2021.3.5f1 (40eb3a945986) revision 4254522'; Using compiler version '192829333'; Build Type 'Release'
OS: 'Windows 11  (10.0.22621) 64bit Core' Language: 'zh' Physical Memory: 16010 MB
BatchMode: 1, IsHumanControllingUs: 0, StartBugReporterOnCrash: 0, Is64bit: 1, IsPro: 1

COMMAND LINE ARGUMENTS:
D:\02 Tools\Unity\UnityEditor\2021.3.5f1\Editor\Unity.exe
-adb2
-batchMode
-noUpm
-name
AssetImportWorker5
-projectPath
D:/02 Tools/UnityProjects/HW02
-logFile
Logs/AssetImportWorker5.log
-srvPort
58153
Successfully changed project path to: D:/02 Tools/UnityProjects/HW02
D:/02 Tools/UnityProjects/HW02
[UnityMemory] Configuration Parameters - Can be set up in boot.config
    "memorysetup-bucket-allocator-granularity=16"
    "memorysetup-bucket-allocator-bucket-count=8"
    "memorysetup-bucket-allocator-block-size=33554432"
    "memorysetup-bucket-allocator-block-count=8"
    "memorysetup-main-allocator-block-size=16777216"
    "memorysetup-thread-allocator-block-size=16777216"
    "memorysetup-gfx-main-allocator-block-size=16777216"
    "memorysetup-gfx-thread-allocator-block-size=16777216"
    "memorysetup-cache-allocator-block-size=4194304"
    "memorysetup-typetree-allocator-block-size=2097152"
    "memorysetup-profiler-bucket-allocator-granularity=16"
    "memorysetup-profiler-bucket-allocator-bucket-count=8"
    "memorysetup-profiler-bucket-allocator-block-size=33554432"
    "memorysetup-profiler-bucket-allocator-block-count=8"
    "memorysetup-profiler-allocator-block-size=16777216"
    "memorysetup-profiler-editor-allocator-block-size=1048576"
    "memorysetup-temp-allocator-size-main=16777216"
    "memorysetup-job-temp-allocator-block-size=2097152"
    "memorysetup-job-temp-allocator-block-size-background=1048576"
    "memorysetup-job-temp-allocator-reduction-small-platforms=262144"
    "memorysetup-temp-allocator-size-background-worker=32768"
    "memorysetup-temp-allocator-size-job-worker=262144"
    "memorysetup-temp-allocator-size-preload-manager=33554432"
    "memorysetup-temp-allocator-size-nav-mesh-worker=65536"
    "memorysetup-temp-allocator-size-audio-worker=65536"
    "memorysetup-temp-allocator-size-cloud-worker=32768"
    "memorysetup-temp-allocator-size-gi-baking-worker=262144"
    "memorysetup-temp-allocator-size-gfx=262144"
Refreshing native plugins compatible for Editor in 82.81 ms, found 3 plugins.
Preloading 0 native plugins for Editor in 0.00 ms.
Initialize engine version: 2021.3.5f1 (40eb3a945986)
[Subsystems] Discovering subsystems at path D:/02 Tools/Unity/UnityEditor/2021.3.5f1/Editor/Data/Resources/UnitySubsystems
[Subsystems] Discovering subsystems at path D:/02 Tools/UnityProjects/HW02/Assets
GfxDevice: creating device client; threaded=0; jobified=0
Direct3D:
    Version:  Direct3D 11.0 [level 11.1]
    Renderer: NVIDIA GeForce RTX 3050 Ti Laptop GPU (ID=0x25a0)
    Vendor:   NVIDIA
    VRAM:     3977 MB
    Driver:   31.0.15.4592
Initialize mono
Mono path[0] = 'D:/02 Tools/Unity/UnityEditor/2021.3.5f1/Editor/Data/Managed'
Mono path[1] = 'D:/02 Tools/Unity/UnityEditor/2021.3.5f1/Editor/Data/MonoBleedingEdge/lib/mono/unityjit-win32'
Mono config path = 'D:/02 Tools/Unity/UnityEditor/2021.3.5f1/Editor/Data/MonoBleedingEdge/etc'
Using monoOptions --debugger-agent=transport=dt_socket,embedding=1,server=y,suspend=n,address=127.0.0.1:56264
Begin MonoManager ReloadAssembly
Registering precompiled unity dll's ...
Register platform support module: D:/02 Tools/Unity/UnityEditor/2021.3.5f1/Editor/Data/PlaybackEngines/WindowsStandaloneSupport/UnityEditor.WindowsStandalone.Extensions.dll
Registered in 0.001641 seconds.
Native extension for WindowsStandalone target not found
Refreshing native plugins compatible for Editor in 61.29 ms, found 3 plugins.
Preloading 0 native plugins for Editor in 0.00 ms.
Mono: successfully reloaded assembly
- Completed reload, in  0.544 seconds
Domain Reload Profiling:
	ReloadAssembly (545ms)
		BeginReloadAssembly (100ms)
			ExecutionOrderSort (0ms)
			DisableScriptedObjects (0ms)
			BackupInstance (0ms)
			ReleaseScriptingObjects (0ms)
			CreateAndSetChildDomain (1ms)
		EndReloadAssembly (338ms)
			LoadAssemblies (100ms)
			RebuildTransferFunctionScriptingTraits (0ms)
			SetupTypeCache (90ms)
			ReleaseScriptCaches (0ms)
			RebuildScriptCaches (18ms)
			SetupLoadedEditorAssemblies (192ms)
				LogAssemblyErrors (0ms)
				InitializePlatformSupportModulesInManaged (5ms)
				SetLoadedEditorAssemblies (0ms)
				RefreshPlugins (61ms)
				BeforeProcessingInitializeOnLoad (1ms)
				ProcessInitializeOnLoadAttributes (92ms)
				ProcessInitializeOnLoadMethodAttributes (33ms)
				AfterProcessingInitializeOnLoad (0ms)
				EditorAssembliesLoaded (0ms)
			ExecutionOrderSort2 (0ms)
			AwakeInstancesAfterBackupRestoration (0ms)
Platform modules already initialized, skipping
Registering precompiled user dll's ...
Registered in 0.002703 seconds.
Begin MonoManager ReloadAssembly
Symbol file LoadedFromMemory doesn't match image D:\02 Tools\UnityProjects\HW02\Library\PackageCache\com.unity.visualscripting@1.7.8\Editor\VisualScripting.Core\Dependencies\YamlDotNet\Unity.VisualScripting.YamlDotNet.dll
Symbol file LoadedFromMemory doesn't match image D:\02 Tools\UnityProjects\HW02\Library\PackageCache\com.unity.visualscripting@1.7.8\Editor\VisualScripting.Core\Dependencies\DotNetZip\Unity.VisualScripting.IonicZip.dll
Native extension for WindowsStandalone target not found
Refreshing native plugins compatible for Editor in 0.99 ms, found 3 plugins.
Preloading 0 native plugins for Editor in 0.00 ms.
Mono: successfully reloaded assembly
- Completed reload, in  0.752 seconds
Domain Reload Profiling:
	ReloadAssembly (753ms)
		BeginReloadAssembly (75ms)
			ExecutionOrderSort (0ms)
			DisableScriptedObjects (4ms)
			BackupInstance (0ms)
			ReleaseScriptingObjects (0ms)
			CreateAndSetChildDomain (15ms)
		EndReloadAssembly (599ms)
			LoadAssemblies (60ms)
			RebuildTransferFunctionScriptingTraits (0ms)
			SetupTypeCache (191ms)
			ReleaseScriptCaches (0ms)
			RebuildScriptCaches (43ms)
			SetupLoadedEditorAssemblies (276ms)
				LogAssemblyErrors (0ms)
				InitializePlatformSupportModulesInManaged (4ms)
				SetLoadedEditorAssemblies (0ms)
				RefreshPlugins (1ms)
				BeforeProcessingInitializeOnLoad (55ms)
				ProcessInitializeOnLoadAttributes (191ms)
				ProcessInitializeOnLoadMethodAttributes (23ms)
				AfterProcessingInitializeOnLoad (2ms)
				EditorAssembliesLoaded (0ms)
			ExecutionOrderSort2 (0ms)
			AwakeInstancesAfterBackupRestoration (6ms)
Platform modules already initialized, skipping
========================================================================
Worker process is ready to serve import requests
Failed to load shader (instanceID 548, GUID 493b79ea9c9be44ed8b702014d3ac49c)
Failed to load shader (instanceID 550, GUID 9c442dc870b456e48b615cd8add0e9ef)
Launched and connected shader compiler UnityShaderCompiler.exe after 0.11 seconds
Refreshing native plugins compatible for Editor in 0.63 ms, found 3 plugins.
Preloading 0 native plugins for Editor in 0.00 ms.
Unloading 3679 Unused Serialized files (Serialized files now loaded: 0)
Unloading 38 unused Assets / (129.1 KB). Loaded Objects now: 4155.
Memory consumption went from 162.7 MB to 162.5 MB.
Total: 3.450000 ms (FindLiveObjects: 0.375500 ms CreateObjectMapping: 0.175500 ms MarkObjects: 2.795700 ms  DeleteObjects: 0.102100 ms)

AssetImportParameters requested are different than current active one (requested -> active):
  custom:video-decoder-ogg-theora: a1e56fd34408186e4bbccfd4996cb3dc -> 
  custom:container-muxer-webm: aa71ff27fc2769a1b78a27578f13a17b -> 
  custom:container-demuxer-webm: 4f35f7cbe854078d1ac9338744f61a02 -> 
  custom:video-encoder-webm-vp8: eb34c28f22e8b96e1ab97ce403110664 -> 
  custom:audio-encoder-webm-vorbis: bf7c407c2cedff20999df2af8eb42d56 -> 
  custom:framework-win-MediaFoundation: 216162199b28c13a410421893ffa2e32 -> 
  custom:container-demuxer-ogg: 62fdf1f143b41e24485cea50d1cbac27 -> 
  custom:video-decoder-webm-vp8: 9c59270c3fd7afecdb556c50c9e8de78 -> 
  custom:audio-decoder-ogg-vorbis: bf7c407c2cedff20999df2af8eb42d56 -> 
========================================================================
Received Import Request.
  Time since last request: 192564.708511 seconds.
  path: Assets/Assets_chen20231031/Leohpaz/RPG_Essentials_Free/12_Player_Movement_SFX/14_Step_water_02.wav
  artifactKey: Guid(60f9efe3d97bc8f47bea1af7f7093d41) Importer(815301076,1909f56bfc062723c751e8b465ee728b)
Start importing Assets/Assets_chen20231031/Leohpaz/RPG_Essentials_Free/12_Player_Movement_SFX/14_Step_water_02.wav using Guid(60f9efe3d97bc8f47bea1af7f7093d41) Importer(815301076,1909f56bfc062723c751e8b465ee728b)  -> (artifact id: '612d6629a7a17516e167e086df424f78') in 0.159144 seconds 
========================================================================
Received Import Request.
  Time since last request: 1.270755 seconds.
  path: Assets/Assets_chen20231031/Leohpaz/RPG_Essentials_Free/8_Buffs_Heals_SFX/21_Debuff_01.wav
  artifactKey: Guid(acbcb75601b0082458fda8807f67c813) Importer(815301076,1909f56bfc062723c751e8b465ee728b)
Start importing Assets/Assets_chen20231031/Leohpaz/RPG_Essentials_Free/8_Buffs_Heals_SFX/21_Debuff_01.wav using Guid(acbcb75601b0082458fda8807f67c813) Importer(815301076,1909f56bfc062723c751e8b465ee728b)  -> (artifact id: '18d7230757216cc5a682b7cccc5726ed') in 0.019904 seconds 
========================================================================
Received Import Request.
  Time since last request: 0.000023 seconds.
  path: Assets/Assets_chen20231031/Leohpaz/RPG_Essentials_Free/8_Buffs_Heals_SFX/44_Sleep_01.wav
  artifactKey: Guid(aa967a280457c054bb646d57611f5bd0) Importer(815301076,1909f56bfc062723c751e8b465ee728b)
Start importing Assets/Assets_chen20231031/Leohpaz/RPG_Essentials_Free/8_Buffs_Heals_SFX/44_Sleep_01.wav using Guid(aa967a280457c054bb646d57611f5bd0) Importer(815301076,1909f56bfc062723c751e8b465ee728b)  -> (artifact id: '3839fb7741ee756f1bfc1b8989a82c72') in 0.017316 seconds 
========================================================================
Received Import Request.
  Time since last request: 1.342121 seconds.
  path: Assets/Assets_chen20231031/Leohpaz/RPG_Essentials_Free/8_Atk_Magic_SFX/22_Water_02.wav
  artifactKey: Guid(1eb7cbaf61d23a64bbd36c0a38b5cb0c) Importer(815301076,1909f56bfc062723c751e8b465ee728b)
Start importing Assets/Assets_chen20231031/Leohpaz/RPG_Essentials_Free/8_Atk_Magic_SFX/22_Water_02.wav using Guid(1eb7cbaf61d23a64bbd36c0a38b5cb0c) Importer(815301076,1909f56bfc062723c751e8b465ee728b)  -> (artifact id: '54a27edd9455aac405fc455a1ef43086') in 0.024989 seconds 
========================================================================
Received Import Request.
  Time since last request: 0.000017 seconds.
  path: Assets/Assets_chen20231031/Leohpaz/RPG_Essentials_Free/8_Atk_Magic_SFX/46_Poison_01.wav
  artifactKey: Guid(83829ff414f47a048b5387e4ab33571c) Importer(815301076,1909f56bfc062723c751e8b465ee728b)
Start importing Assets/Assets_chen20231031/Leohpaz/RPG_Essentials_Free/8_Atk_Magic_SFX/46_Poison_01.wav using Guid(83829ff414f47a048b5387e4ab33571c) Importer(815301076,1909f56bfc062723c751e8b465ee728b)  -> (artifact id: '4205a9fb44d05e411510eb3405ef7bf0') in 0.026056 seconds 
