Using pre-set license
Built from '2021.3/staging' branch; Version is '2021.3.5f1 (40eb3a945986) revision 4254522'; Using compiler version '192829333'; Build Type 'Release'
OS: 'Windows 11  (10.0.22621) 64bit Core' Language: 'zh' Physical Memory: 16010 MB
BatchMode: 1, IsHumanControllingUs: 0, StartBugReporterOnCrash: 0, Is64bit: 1, IsPro: 1

COMMAND LINE ARGUMENTS:
D:\02 Tools\Unity\UnityEditor\2021.3.5f1\Editor\Unity.exe
-adb2
-batchMode
-noUpm
-name
AssetImportWorker6
-projectPath
D:/02 Tools/UnityProjects/HW02
-logFile
Logs/AssetImportWorker6.log
-srvPort
65330
Successfully changed project path to: D:/02 Tools/UnityProjects/HW02
D:/02 Tools/UnityProjects/HW02
[UnityMemory] Configuration Parameters - Can be set up in boot.config
    "memorysetup-bucket-allocator-granularity=16"
    "memorysetup-bucket-allocator-bucket-count=8"
    "memorysetup-bucket-allocator-block-size=33554432"
    "memorysetup-bucket-allocator-block-count=8"
    "memorysetup-main-allocator-block-size=16777216"
    "memorysetup-thread-allocator-block-size=16777216"
    "memorysetup-gfx-main-allocator-block-size=16777216"
    "memorysetup-gfx-thread-allocator-block-size=16777216"
    "memorysetup-cache-allocator-block-size=4194304"
    "memorysetup-typetree-allocator-block-size=2097152"
    "memorysetup-profiler-bucket-allocator-granularity=16"
    "memorysetup-profiler-bucket-allocator-bucket-count=8"
    "memorysetup-profiler-bucket-allocator-block-size=33554432"
    "memorysetup-profiler-bucket-allocator-block-count=8"
    "memorysetup-profiler-allocator-block-size=16777216"
    "memorysetup-profiler-editor-allocator-block-size=1048576"
    "memorysetup-temp-allocator-size-main=16777216"
    "memorysetup-job-temp-allocator-block-size=2097152"
    "memorysetup-job-temp-allocator-block-size-background=1048576"
    "memorysetup-job-temp-allocator-reduction-small-platforms=262144"
    "memorysetup-temp-allocator-size-background-worker=32768"
    "memorysetup-temp-allocator-size-job-worker=262144"
    "memorysetup-temp-allocator-size-preload-manager=33554432"
    "memorysetup-temp-allocator-size-nav-mesh-worker=65536"
    "memorysetup-temp-allocator-size-audio-worker=65536"
    "memorysetup-temp-allocator-size-cloud-worker=32768"
    "memorysetup-temp-allocator-size-gi-baking-worker=262144"
    "memorysetup-temp-allocator-size-gfx=262144"
Refreshing native plugins compatible for Editor in 83.46 ms, found 3 plugins.
Preloading 0 native plugins for Editor in 0.00 ms.
Initialize engine version: 2021.3.5f1 (40eb3a945986)
[Subsystems] Discovering subsystems at path D:/02 Tools/Unity/UnityEditor/2021.3.5f1/Editor/Data/Resources/UnitySubsystems
[Subsystems] Discovering subsystems at path D:/02 Tools/UnityProjects/HW02/Assets
GfxDevice: creating device client; threaded=0; jobified=0
Direct3D:
    Version:  Direct3D 11.0 [level 11.1]
    Renderer: NVIDIA GeForce RTX 3050 Ti Laptop GPU (ID=0x25a0)
    Vendor:   NVIDIA
    VRAM:     3977 MB
    Driver:   31.0.15.4592
Initialize mono
Mono path[0] = 'D:/02 Tools/Unity/UnityEditor/2021.3.5f1/Editor/Data/Managed'
Mono path[1] = 'D:/02 Tools/Unity/UnityEditor/2021.3.5f1/Editor/Data/MonoBleedingEdge/lib/mono/unityjit-win32'
Mono config path = 'D:/02 Tools/Unity/UnityEditor/2021.3.5f1/Editor/Data/MonoBleedingEdge/etc'
Using monoOptions --debugger-agent=transport=dt_socket,embedding=1,server=y,suspend=n,address=127.0.0.1:56272
Begin MonoManager ReloadAssembly
Registering precompiled unity dll's ...
Register platform support module: D:/02 Tools/Unity/UnityEditor/2021.3.5f1/Editor/Data/PlaybackEngines/WindowsStandaloneSupport/UnityEditor.WindowsStandalone.Extensions.dll
Registered in 0.002248 seconds.
Native extension for WindowsStandalone target not found
Refreshing native plugins compatible for Editor in 54.12 ms, found 3 plugins.
Preloading 0 native plugins for Editor in 0.00 ms.
Mono: successfully reloaded assembly
- Completed reload, in  0.492 seconds
Domain Reload Profiling:
	ReloadAssembly (492ms)
		BeginReloadAssembly (69ms)
			ExecutionOrderSort (0ms)
			DisableScriptedObjects (0ms)
			BackupInstance (0ms)
			ReleaseScriptingObjects (0ms)
			CreateAndSetChildDomain (1ms)
		EndReloadAssembly (320ms)
			LoadAssemblies (68ms)
			RebuildTransferFunctionScriptingTraits (0ms)
			SetupTypeCache (69ms)
			ReleaseScriptCaches (0ms)
			RebuildScriptCaches (25ms)
			SetupLoadedEditorAssemblies (192ms)
				LogAssemblyErrors (0ms)
				InitializePlatformSupportModulesInManaged (5ms)
				SetLoadedEditorAssemblies (0ms)
				RefreshPlugins (54ms)
				BeforeProcessingInitializeOnLoad (1ms)
				ProcessInitializeOnLoadAttributes (86ms)
				ProcessInitializeOnLoadMethodAttributes (45ms)
				AfterProcessingInitializeOnLoad (0ms)
				EditorAssembliesLoaded (0ms)
			ExecutionOrderSort2 (0ms)
			AwakeInstancesAfterBackupRestoration (0ms)
Platform modules already initialized, skipping
Registering precompiled user dll's ...
Registered in 0.003468 seconds.
Begin MonoManager ReloadAssembly
Native extension for WindowsStandalone target not found
Refreshing native plugins compatible for Editor in 1.29 ms, found 3 plugins.
Preloading 0 native plugins for Editor in 0.00 ms.
Mono: successfully reloaded assembly
- Completed reload, in  0.910 seconds
Domain Reload Profiling:
	ReloadAssembly (910ms)
		BeginReloadAssembly (86ms)
			ExecutionOrderSort (0ms)
			DisableScriptedObjects (4ms)
			BackupInstance (0ms)
			ReleaseScriptingObjects (0ms)
			CreateAndSetChildDomain (16ms)
		EndReloadAssembly (745ms)
			LoadAssemblies (86ms)
			RebuildTransferFunctionScriptingTraits (0ms)
			SetupTypeCache (228ms)
			ReleaseScriptCaches (0ms)
			RebuildScriptCaches (48ms)
			SetupLoadedEditorAssemblies (332ms)
				LogAssemblyErrors (0ms)
				InitializePlatformSupportModulesInManaged (4ms)
				SetLoadedEditorAssemblies (0ms)
				RefreshPlugins (1ms)
				BeforeProcessingInitializeOnLoad (75ms)
				ProcessInitializeOnLoadAttributes (227ms)
				ProcessInitializeOnLoadMethodAttributes (23ms)
				AfterProcessingInitializeOnLoad (2ms)
				EditorAssembliesLoaded (0ms)
			ExecutionOrderSort2 (0ms)
			AwakeInstancesAfterBackupRestoration (6ms)
Platform modules already initialized, skipping
========================================================================
Worker process is ready to serve import requests
Launched and connected shader compiler UnityShaderCompiler.exe after 0.21 seconds
Refreshing native plugins compatible for Editor in 0.49 ms, found 3 plugins.
Preloading 0 native plugins for Editor in 0.00 ms.
Unloading 3667 Unused Serialized files (Serialized files now loaded: 0)
Unloading 38 unused Assets / (130.0 KB). Loaded Objects now: 4141.
Memory consumption went from 160.4 MB to 160.3 MB.
Total: 2.928300 ms (FindLiveObjects: 0.234600 ms CreateObjectMapping: 0.125900 ms MarkObjects: 2.463100 ms  DeleteObjects: 0.103600 ms)

AssetImportParameters requested are different than current active one (requested -> active):
  custom:video-decoder-ogg-theora: a1e56fd34408186e4bbccfd4996cb3dc -> 
  custom:container-muxer-webm: aa71ff27fc2769a1b78a27578f13a17b -> 
  custom:container-demuxer-webm: 4f35f7cbe854078d1ac9338744f61a02 -> 
  custom:video-encoder-webm-vp8: eb34c28f22e8b96e1ab97ce403110664 -> 
  custom:audio-encoder-webm-vorbis: bf7c407c2cedff20999df2af8eb42d56 -> 
  custom:framework-win-MediaFoundation: 216162199b28c13a410421893ffa2e32 -> 
  custom:container-demuxer-ogg: 62fdf1f143b41e24485cea50d1cbac27 -> 
  custom:video-decoder-webm-vp8: 9c59270c3fd7afecdb556c50c9e8de78 -> 
  custom:audio-decoder-ogg-vorbis: bf7c407c2cedff20999df2af8eb42d56 -> 
========================================================================
Received Prepare
Registering precompiled user dll's ...
Registered in 0.002569 seconds.
Begin MonoManager ReloadAssembly
Native extension for WindowsStandalone target not found
Refreshing native plugins compatible for Editor in 0.51 ms, found 3 plugins.
Preloading 0 native plugins for Editor in 0.00 ms.
Mono: successfully reloaded assembly
- Completed reload, in  0.778 seconds
Domain Reload Profiling:
	ReloadAssembly (779ms)
		BeginReloadAssembly (105ms)
			ExecutionOrderSort (0ms)
			DisableScriptedObjects (4ms)
			BackupInstance (0ms)
			ReleaseScriptingObjects (0ms)
			CreateAndSetChildDomain (34ms)
		EndReloadAssembly (609ms)
			LoadAssemblies (62ms)
			RebuildTransferFunctionScriptingTraits (0ms)
			SetupTypeCache (181ms)
			ReleaseScriptCaches (1ms)
			RebuildScriptCaches (29ms)
			SetupLoadedEditorAssemblies (297ms)
				LogAssemblyErrors (0ms)
				InitializePlatformSupportModulesInManaged (10ms)
				SetLoadedEditorAssemblies (0ms)
				RefreshPlugins (1ms)
				BeforeProcessingInitializeOnLoad (52ms)
				ProcessInitializeOnLoadAttributes (203ms)
				ProcessInitializeOnLoadMethodAttributes (30ms)
				AfterProcessingInitializeOnLoad (2ms)
				EditorAssembliesLoaded (0ms)
			ExecutionOrderSort2 (0ms)
			AwakeInstancesAfterBackupRestoration (7ms)
Platform modules already initialized, skipping
Refreshing native plugins compatible for Editor in 1.16 ms, found 3 plugins.
Preloading 0 native plugins for Editor in 0.00 ms.
Unloading 3584 Unused Serialized files (Serialized files now loaded: 0)
Unloading 19 unused Assets / (95.3 KB). Loaded Objects now: 4156.
Memory consumption went from 152.5 MB to 152.4 MB.
Total: 4.814600 ms (FindLiveObjects: 0.749000 ms CreateObjectMapping: 0.190500 ms MarkObjects: 3.767900 ms  DeleteObjects: 0.103400 ms)

AssetImportParameters requested are different than current active one (requested -> active):
  custom:video-decoder-ogg-theora: a1e56fd34408186e4bbccfd4996cb3dc -> 
  custom:container-muxer-webm: aa71ff27fc2769a1b78a27578f13a17b -> 
  custom:container-demuxer-webm: 4f35f7cbe854078d1ac9338744f61a02 -> 
  custom:video-encoder-webm-vp8: eb34c28f22e8b96e1ab97ce403110664 -> 
  custom:audio-encoder-webm-vorbis: bf7c407c2cedff20999df2af8eb42d56 -> 
  custom:framework-win-MediaFoundation: 216162199b28c13a410421893ffa2e32 -> 
  custom:container-demuxer-ogg: 62fdf1f143b41e24485cea50d1cbac27 -> 
  custom:video-decoder-webm-vp8: 9c59270c3fd7afecdb556c50c9e8de78 -> 
  custom:audio-decoder-ogg-vorbis: bf7c407c2cedff20999df2af8eb42d56 -> 
========================================================================
Received Import Request.
  Time since last request: 69688.914290 seconds.
  path: Assets/FightingMotionsVolume1/FBX/bd_front_A.fbx
  artifactKey: Guid(570197eb6cbea1c479c35bda442dada9) Importer(815301076,1909f56bfc062723c751e8b465ee728b)
Start importing Assets/FightingMotionsVolume1/FBX/bd_front_A.fbx using Guid(570197eb6cbea1c479c35bda442dada9) Importer(815301076,1909f56bfc062723c751e8b465ee728b)  -> (artifact id: 'f08e8726faf28e989c8f1e325e3d5641') in 0.148689 seconds 
========================================================================
Received Import Request.
  Time since last request: 0.477685 seconds.
  path: Assets/FightingMotionsVolume1/FBX/BlueGuy.fbx
  artifactKey: Guid(0bf37dc7372c57146bfc553d666ef609) Importer(815301076,1909f56bfc062723c751e8b465ee728b)
Start importing Assets/FightingMotionsVolume1/FBX/BlueGuy.fbx using Guid(0bf37dc7372c57146bfc553d666ef609) Importer(815301076,1909f56bfc062723c751e8b465ee728b)  -> (artifact id: '6acc6a930c84e63df37438d94cd4e855') in 0.049771 seconds 
========================================================================
Received Import Request.
  Time since last request: 0.641549 seconds.
  path: Assets/FightingMotionsVolume1/FBX/bp_upper_left_A.fbx
  artifactKey: Guid(34b0f0ed3390d964b8b6b299db28f69d) Importer(815301076,1909f56bfc062723c751e8b465ee728b)
Start importing Assets/FightingMotionsVolume1/FBX/bp_upper_left_A.fbx using Guid(34b0f0ed3390d964b8b6b299db28f69d) Importer(815301076,1909f56bfc062723c751e8b465ee728b)  -> (artifact id: 'aa4566e43d244daa332b673ea5a03649') in 0.098254 seconds 
========================================================================
Received Import Request.
  Time since last request: 0.000032 seconds.
  path: Assets/FightingMotionsVolume1/FBX/nomove/bp_hook_right_A2.fbx
  artifactKey: Guid(2dfa3ced1f180704ba039b8e3a9ee890) Importer(815301076,1909f56bfc062723c751e8b465ee728b)
Start importing Assets/FightingMotionsVolume1/FBX/nomove/bp_hook_right_A2.fbx using Guid(2dfa3ced1f180704ba039b8e3a9ee890) Importer(815301076,1909f56bfc062723c751e8b465ee728b)  -> (artifact id: '83e0f183d3d59d7c68c3ef13d860611b') in 0.082648 seconds 
========================================================================
Received Import Request.
  Time since last request: 0.039531 seconds.
  path: Assets/FightingMotionsVolume1/FBX/hk_rh_right_A.fbx
  artifactKey: Guid(6d57102141fc7184db95eafa963b4572) Importer(815301076,1909f56bfc062723c751e8b465ee728b)
Start importing Assets/FightingMotionsVolume1/FBX/hk_rh_right_A.fbx using Guid(6d57102141fc7184db95eafa963b4572) Importer(815301076,1909f56bfc062723c751e8b465ee728b)  -> (artifact id: 'b5fd67df62e2ffbb777d55b73dbd94c4') in 0.023017 seconds 
========================================================================
Received Import Request.
  Time since last request: 0.000022 seconds.
  path: Assets/FightingMotionsVolume1/FBX/hp_straight_left_Tiramis.fbx
  artifactKey: Guid(5134975584e9d31438f5ac1f9fd3de18) Importer(815301076,1909f56bfc062723c751e8b465ee728b)
Start importing Assets/FightingMotionsVolume1/FBX/hp_straight_left_Tiramis.fbx using Guid(5134975584e9d31438f5ac1f9fd3de18) Importer(815301076,1909f56bfc062723c751e8b465ee728b)  -> (artifact id: '012509c5414bff014dee3ab45973b4cd') in 0.121878 seconds 
========================================================================
Received Import Request.
  Time since last request: 0.000027 seconds.
  path: Assets/FightingMotionsVolume1/FBX/nomove/hk_side_left_A2.fbx
  artifactKey: Guid(7b758c29be5b46b49a442501cb39a4df) Importer(815301076,1909f56bfc062723c751e8b465ee728b)
Start importing Assets/FightingMotionsVolume1/FBX/nomove/hk_side_left_A2.fbx using Guid(7b758c29be5b46b49a442501cb39a4df) Importer(815301076,1909f56bfc062723c751e8b465ee728b)  -> (artifact id: '35023150735fef2865e80222bfba524f') in 0.058953 seconds 
========================================================================
Received Import Request.
  Time since last request: 0.000023 seconds.
  path: Assets/FightingMotionsVolume1/FBX/hp_upper_right_A.fbx
  artifactKey: Guid(59c7dab75889cc747a38565aacf425cb) Importer(815301076,1909f56bfc062723c751e8b465ee728b)
Start importing Assets/FightingMotionsVolume1/FBX/hp_upper_right_A.fbx using Guid(59c7dab75889cc747a38565aacf425cb) Importer(815301076,1909f56bfc062723c751e8b465ee728b)  -> (artifact id: '51a5b509f4388fb6a7ce224111bd1318') in 0.098237 seconds 
========================================================================
Received Import Request.
  Time since last request: 0.000333 seconds.
  path: Assets/FightingMotionsVolume1/FBX/hp_straight_right_A.fbx
  artifactKey: Guid(2664f222f7b81d04999f8018fe475b2f) Importer(815301076,1909f56bfc062723c751e8b465ee728b)
Start importing Assets/FightingMotionsVolume1/FBX/hp_straight_right_A.fbx using Guid(2664f222f7b81d04999f8018fe475b2f) Importer(815301076,1909f56bfc062723c751e8b465ee728b)  -> (artifact id: 'c1d40622ec655216656937029be04e6f') in 0.068483 seconds 
========================================================================
Received Import Request.
  Time since last request: 0.000025 seconds.
  path: Assets/FightingMotionsVolume1/FBX/move_forward_B.fbx
  artifactKey: Guid(5c75701039296084fb07becd1460ad4f) Importer(815301076,1909f56bfc062723c751e8b465ee728b)
Start importing Assets/FightingMotionsVolume1/FBX/move_forward_B.fbx using Guid(5c75701039296084fb07becd1460ad4f) Importer(815301076,1909f56bfc062723c751e8b465ee728b)  -> (artifact id: 'a77a6d470487fb15e956cef88e4755ca') in 0.076592 seconds 
========================================================================
Received Import Request.
  Time since last request: 0.000031 seconds.
  path: Assets/FightingMotionsVolume1/FBX/bk_rh_right_A.fbx
  artifactKey: Guid(82ff370070ffcb846a647642afec9429) Importer(815301076,1909f56bfc062723c751e8b465ee728b)
Start importing Assets/FightingMotionsVolume1/FBX/bk_rh_right_A.fbx using Guid(82ff370070ffcb846a647642afec9429) Importer(815301076,1909f56bfc062723c751e8b465ee728b)  -> (artifact id: '4e35fab5983e36dce237f6a904eeefb8') in 0.038793 seconds 
========================================================================
Received Import Request.
  Time since last request: 0.000039 seconds.
  path: Assets/FightingMotionsVolume1/FBX/nomove/bp_upper_left_A2.fbx
  artifactKey: Guid(d28a799ed3743fb459cf17cd032e7d95) Importer(815301076,1909f56bfc062723c751e8b465ee728b)
Start importing Assets/FightingMotionsVolume1/FBX/nomove/bp_upper_left_A2.fbx using Guid(d28a799ed3743fb459cf17cd032e7d95) Importer(815301076,1909f56bfc062723c751e8b465ee728b)  -> (artifact id: 'bc29586a5b628c0f1bffa273267fc4eb') in 0.037858 seconds 
========================================================================
Received Import Request.
  Time since last request: 0.000058 seconds.
  path: Assets/FightingMotionsVolume1/FBX/hp_hook_left_A.fbx
  artifactKey: Guid(e85eabbd59e479e48a4b8d0cb836f2e3) Importer(815301076,1909f56bfc062723c751e8b465ee728b)
Start importing Assets/FightingMotionsVolume1/FBX/hp_hook_left_A.fbx using Guid(e85eabbd59e479e48a4b8d0cb836f2e3) Importer(815301076,1909f56bfc062723c751e8b465ee728b)  -> (artifact id: '7caafcab19b11950ae87b4a4c6402645') in 0.037856 seconds 
========================================================================
Received Import Request.
  Time since last request: 0.000038 seconds.
  path: Assets/FightingMotionsVolume1/FBX/hd_front_A.fbx
  artifactKey: Guid(b1d836fe66d68fe4b9921d0d510eee15) Importer(815301076,1909f56bfc062723c751e8b465ee728b)
Start importing Assets/FightingMotionsVolume1/FBX/hd_front_A.fbx using Guid(b1d836fe66d68fe4b9921d0d510eee15) Importer(815301076,1909f56bfc062723c751e8b465ee728b)  -> (artifact id: 'fee30d29df4b1797482b384d039a1772') in 0.035490 seconds 
========================================================================
Received Import Request.
  Time since last request: 0.000060 seconds.
  path: Assets/FightingMotionsVolume1/FBX/hb_front_A.fbx
  artifactKey: Guid(6f36d974de0fac648a26b5796fbfc3c3) Importer(815301076,1909f56bfc062723c751e8b465ee728b)
Start importing Assets/FightingMotionsVolume1/FBX/hb_front_A.fbx using Guid(6f36d974de0fac648a26b5796fbfc3c3) Importer(815301076,1909f56bfc062723c751e8b465ee728b)  -> (artifact id: '8637170b2edb7cbd7c4f9e1d4f448438') in 0.040141 seconds 
========================================================================
Received Import Request.
  Time since last request: 0.000082 seconds.
  path: Assets/FightingMotionsVolume1/FBX/bp_hook_right_A.fbx
  artifactKey: Guid(8b6ca66cf21170749b7c0644ee77cc39) Importer(815301076,1909f56bfc062723c751e8b465ee728b)
Start importing Assets/FightingMotionsVolume1/FBX/bp_hook_right_A.fbx using Guid(8b6ca66cf21170749b7c0644ee77cc39) Importer(815301076,1909f56bfc062723c751e8b465ee728b)  -> (artifact id: '2027e2f378fd5dfcdb396e7b3eb00598') in 0.035617 seconds 
========================================================================
Received Import Request.
  Time since last request: 0.000057 seconds.
  path: Assets/FightingMotionsVolume1/FBX/nomove/lk_rh_right_A2.fbx
  artifactKey: Guid(7b2ee5b5217b0fb4188ff8ab278ec625) Importer(815301076,1909f56bfc062723c751e8b465ee728b)
Start importing Assets/FightingMotionsVolume1/FBX/nomove/lk_rh_right_A2.fbx using Guid(7b2ee5b5217b0fb4188ff8ab278ec625) Importer(815301076,1909f56bfc062723c751e8b465ee728b)  -> (artifact id: 'a868ed8d948b5e8d1b406384c47e7ccd') in 0.045626 seconds 
========================================================================
Received Import Request.
  Time since last request: 0.000033 seconds.
  path: Assets/FightingMotionsVolume1/FBX/move_backward_B.fbx
  artifactKey: Guid(235c95899b878bb47a6e6decf0954821) Importer(815301076,1909f56bfc062723c751e8b465ee728b)
Start importing Assets/FightingMotionsVolume1/FBX/move_backward_B.fbx using Guid(235c95899b878bb47a6e6decf0954821) Importer(815301076,1909f56bfc062723c751e8b465ee728b)  -> (artifact id: 'bf9128753f7f0c0d6237c205e31c1b34') in 0.034996 seconds 
========================================================================
Received Import Request.
  Time since last request: 0.000048 seconds.
  path: Assets/FightingMotionsVolume1/FBX/nomove
  artifactKey: Guid(2145f78739ae3574ea9e462d5c45b535) Importer(815301076,1909f56bfc062723c751e8b465ee728b)
Start importing Assets/FightingMotionsVolume1/FBX/nomove using Guid(2145f78739ae3574ea9e462d5c45b535) Importer(815301076,1909f56bfc062723c751e8b465ee728b)  -> (artifact id: '45f902b7d81b8bf9c5305c8dc1e0c919') in 0.002686 seconds 
========================================================================
Received Import Request.
  Time since last request: 0.000032 seconds.
  path: Assets/FightingMotionsVolume1/FBX/lb_front_A.fbx
  artifactKey: Guid(095c255e0c1c0744d9160d43cdc9e041) Importer(815301076,1909f56bfc062723c751e8b465ee728b)
Start importing Assets/FightingMotionsVolume1/FBX/lb_front_A.fbx using Guid(095c255e0c1c0744d9160d43cdc9e041) Importer(815301076,1909f56bfc062723c751e8b465ee728b)  -> (artifact id: '565ef5ac8df25ff9f7547ee9103fd423') in 0.041082 seconds 
========================================================================
Received Import Request.
  Time since last request: 0.000034 seconds.
  path: Assets/FightingMotionsVolume1/FBX/nomove/hk_rh_right_A2.fbx
  artifactKey: Guid(29d626fded720ee40a139fcd99958641) Importer(815301076,1909f56bfc062723c751e8b465ee728b)
Start importing Assets/FightingMotionsVolume1/FBX/nomove/hk_rh_right_A2.fbx using Guid(29d626fded720ee40a139fcd99958641) Importer(815301076,1909f56bfc062723c751e8b465ee728b)  -> (artifact id: 'f15ac09f7f8f0720e5bea5d391d49c41') in 0.052845 seconds 
========================================================================
Received Import Request.
  Time since last request: 0.000042 seconds.
  path: Assets/FightingMotionsVolume1/FBX/nomove/bk_rh_right_A2.fbx
  artifactKey: Guid(fed828ab310f1144e96c82e797cb98b3) Importer(815301076,1909f56bfc062723c751e8b465ee728b)
Start importing Assets/FightingMotionsVolume1/FBX/nomove/bk_rh_right_A2.fbx using Guid(fed828ab310f1144e96c82e797cb98b3) Importer(815301076,1909f56bfc062723c751e8b465ee728b)  -> (artifact id: '2096e2108e0a8d27a52fb24b36c35e8b') in 0.039778 seconds 
========================================================================
Received Import Request.
  Time since last request: 0.000024 seconds.
  path: Assets/FightingMotionsVolume1/FBX/idle_Tiramis.fbx
  artifactKey: Guid(243b013a8548d9344b2e92934493d476) Importer(815301076,1909f56bfc062723c751e8b465ee728b)
Start importing Assets/FightingMotionsVolume1/FBX/idle_Tiramis.fbx using Guid(243b013a8548d9344b2e92934493d476) Importer(815301076,1909f56bfc062723c751e8b465ee728b)  -> (artifact id: 'e2c73cc8444f5b68a29b7a628b77eeca') in 0.034662 seconds 
Editor requested this worker to shutdown with reason: Scaling down because of idle timeout
AssetImportWorker is now disconnected from the server
Process exiting
Exiting without the bug reporter. Application will terminate with return code 0